Flower/proguard/seeds.txt
com.hellen.flower.AutoNavActivity
com.hellen.flower.AutoNavActivity: AutoNavActivity()
com.hellen.flower.AutoNavActivity: void onClick(android.view.View)
com.hellen.flower.CircleActivity
com.hellen.flower.CircleActivity: CircleActivity()
com.hellen.flower.CircleActivity: void itemCenterClick(android.view.View)
com.hellen.flower.MainActivity
com.hellen.flower.MainActivity: MainActivity()
com.hellen.flower.MainActivity: void onClick(android.view.View)
com.hellen.flower.R$anim
com.hellen.flower.R$anim: int custom_item_anim
com.hellen.flower.R$anim: int layout_animation
com.hellen.flower.R$anim: int spinner
com.hellen.flower.R$anim: int umeng_comm_activity_alpha_action_in
com.hellen.flower.R$anim: int umeng_comm_dialog_in
com.hellen.flower.R$anim: int umeng_comm_dialog_out
com.hellen.flower.R$anim: int umeng_comm_image_browser_in
com.hellen.flower.R$anim: int umeng_comm_image_browser_out
com.hellen.flower.R$anim: int umeng_comm_pb_default
com.hellen.flower.R$anim: int umeng_comm_translate_down
com.hellen.flower.R$anim: int umeng_comm_translate_down_current
com.hellen.flower.R$anim: int umeng_comm_translate_down_img
com.hellen.flower.R$anim: int umeng_comm_translate_up
com.hellen.flower.R$anim: int umeng_comm_translate_up_current
com.hellen.flower.R$anim: int umeng_comm_translate_up_img
com.hellen.flower.R$anim: int umeng_socialize_fade_in
com.hellen.flower.R$anim: int umeng_socialize_fade_out
com.hellen.flower.R$anim: int umeng_socialize_shareboard_animation_in
com.hellen.flower.R$anim: int umeng_socialize_shareboard_animation_out
com.hellen.flower.R$anim: int umeng_socialize_slide_in_from_bottom
com.hellen.flower.R$anim: int umeng_socialize_slide_out_from_bottom
com.hellen.flower.R$anim: R$anim()
com.hellen.flower.R$array
com.hellen.flower.R$array: int umeng_comm_comments_tabs
com.hellen.flower.R$array: int umeng_comm_feed_detail_dialog
com.hellen.flower.R$array: int umeng_comm_feed_titles
com.hellen.flower.R$array: int umeng_comm_new_msg_titles
com.hellen.flower.R$array: int umeng_comm_topic_detail_tabs
com.hellen.flower.R$array: int umeng_commm_feed_titles
com.hellen.flower.R$array: int umeng_commm_topic_detail_tabs
com.hellen.flower.R$array: int umeng_commm_topic_feed_titles
com.hellen.flower.R$array: int umeng_simplify_feed_titles
com.hellen.flower.R$array: int umeng_simplify_topic_detail_tabs
com.hellen.flower.R$array: R$array()
com.hellen.flower.R$attr
com.hellen.flower.R$attr: int angle
com.hellen.flower.R$attr: int arrowHeight
com.hellen.flower.R$attr: int arrowLocation
com.hellen.flower.R$attr: int arrowPosition
com.hellen.flower.R$attr: int arrowWidth
com.hellen.flower.R$attr: int blue_line_for_tv
com.hellen.flower.R$attr: int bubbleColor
com.hellen.flower.R$attr: int darly_arrowDirection
com.hellen.flower.R$attr: int darly_arrowHeight
com.hellen.flower.R$attr: int darly_arrowOffset
com.hellen.flower.R$attr: int darly_arrowTo
com.hellen.flower.R$attr: int darly_arrowWidth
com.hellen.flower.R$attr: int darly_borderColor
com.hellen.flower.R$attr: int darly_borderWidth
com.hellen.flower.R$attr: int darly_cornerBottomLeftRadius
com.hellen.flower.R$attr: int darly_cornerBottomRightRadius
com.hellen.flower.R$attr: int darly_cornerRadius
com.hellen.flower.R$attr: int darly_cornerTopLeftRadius
com.hellen.flower.R$attr: int darly_cornerTopRightRadius
com.hellen.flower.R$attr: int darly_fillColor
com.hellen.flower.R$attr: int darly_fillPadding
com.hellen.flower.R$attr: int default_background_color
com.hellen.flower.R$attr: int pathBorder
com.hellen.flower.R$attr: int pathColor
com.hellen.flower.R$attr: int search_lastes_btn
com.hellen.flower.R$attr: int umeng_chat_edit_background
com.hellen.flower.R$attr: int umeng_chat_edit_text_color
com.hellen.flower.R$attr: int umeng_chat_send_btn_bg
com.hellen.flower.R$attr: int umeng_chat_send_btn_text
...
com.umeng.common.ui.presenter.impl.TopicBasePresenter$7
com.umeng.common.ui.presenter.impl.TopicBasePresenter$7: android.widget.ToggleButton val$toggleButton
com.umeng.common.ui.presenter.impl.TopicBasePresenter$7: boolean val$isFollow
com.umeng.common.ui.presenter.impl.TopicBasePresenter$7: com.umeng.comm.core.beans.Topic val$topic
com.umeng.common.ui.presenter.impl.TopicBasePresenter$7: com.umeng.common.ui.presenter.impl.TopicBasePresenter this$0
com.umeng.common.ui.presenter.impl.TopicBasePresenter$7: TopicBasePresenter$7(com.umeng.common.ui.presenter.impl.TopicBasePresenter,android.widget.ToggleButton,boolean,com.umeng.comm.core.beans.Topic)
com.umeng.common.ui.presenter.impl.TopicBasePresenter$7: void onComplete(com.umeng.comm.core.nets.responses.LoginResponse)
com.umeng.common.ui.presenter.impl.TopicBasePresenter$7: void onComplete(java.lang.Object)
com.umeng.common.ui.presenter.impl.TopicBasePresenter$8
com.umeng.common.ui.presenter.impl.TopicBasePresenter$8: com.umeng.common.ui.presenter.impl.TopicBasePresenter this$0
com.umeng.common.ui.presenter.impl.TopicBasePresenter$8: TopicBasePresenter$8(com.umeng.common.ui.presenter.impl.TopicBasePresenter)
com.umeng.common.ui.presenter.impl.TopicBasePresenter$8: void onReceive(android.content.Context,android.content.Intent)
com.umeng.common.ui.presenter.impl.TopicDetailPresenter
com.umeng.common.ui.presenter.impl.TopicDetailPresenter: com.umeng.common.ui.mvpview.MvpTopicDetailView mTopicDetailView
com.umeng.common.ui.presenter.impl.TopicDetailPresenter: android.app.Activity mActivity
com.umeng.common.ui.presenter.impl.TopicDetailPresenter: android.widget.ToggleButton favBtn
com.umeng.common.ui.presenter.impl.TopicDetailPresenter: TopicDetailPresenter(android.app.Activity,com.umeng.common.ui.mvpview.MvpTopicDetailView)
com.umeng.common.ui.presenter.impl.TopicDetailPresenter: void onCreate(android.os.Bundle)
com.umeng.common.ui.presenter.impl.TopicDetailPresenter: void onResume()
com.umeng.common.ui.presenter.impl.TopicDetailPresenter: void onDestroy()
com.umeng.common.ui.presenter.impl.TopicDetailPresenter: void checkIsFollowed(java.lang.String,com.umeng.comm.core.listeners.Listeners$OnResultListener)
com.umeng.common.ui.presenter.impl.TopicDetailPresenter: void SetFavouriteButton(android.widget.ToggleButton)
com.umeng.common.ui.presenter.impl.TopicDetailPresenter: void followTopic(com.umeng.comm.core.beans.Topic)
com.umeng.common.ui.presenter.impl.TopicDetailPresenter: void cancelFollowTopic(com.umeng.comm.core.beans.Topic)
com.umeng.common.ui.presenter.impl.TopicDetailPresenter: android.widget.ToggleButton access$000(com.umeng.common.ui.presenter.impl.TopicDetailPresenter)
com.umeng.common.ui.presenter.impl.TopicDetailPresenter$1
com.umeng.common.ui.presenter.impl.TopicDetailPresenter$1: java.lang.String val$topicId
com.umeng.common.ui.presenter.impl.TopicDetailPresenter$1: com.umeng.comm.core.listeners.Listeners$OnResultListener val$listener
com.umeng.common.ui.presenter.impl.TopicDetailPresenter$1: com.umeng.common.ui.presenter.impl.TopicDetailPresenter this$0
com.umeng.common.ui.presenter.impl.TopicDetailPresenter$1: TopicDetailPresenter$1(com.umeng.common.ui.presenter.impl.TopicDetailPresenter,java.lang.String,com.umeng.comm.core.listeners.Listeners$OnResultListener)
com.umeng.common.ui.presenter.impl.TopicDetailPresenter$1: void onComplete(java.util.List)
com.umeng.common.ui.presenter.impl.TopicDetailPresenter$1: void onComplete(java.lang.Object)