Flower/proguard/mapping.txt
com.hellen.flower.AutoNavActivity -> com.hellen.flower.AutoNavActivity:
    java.lang.String TAG -> a
    com.hellen.widget.header.HeaderView header -> b
    android.widget.Button btn -> c
    android.widget.TextView tv -> d
    com.hellen.presenter.AutoNavPresenter present -> e
    29:32:void <init>() -> <init>
    51:54:void initView(android.os.Bundle) -> initView
    65:65:void loadData() -> loadData
    75:77:void initListener() -> initListener
    87:102:void onClick(android.view.View) -> onClick
    113:114:void setTextView(java.lang.String) -> a
    124:125:void setDisableClick() -> a
    135:136:void setEnableClick() -> b
    146:147:void setPersenter(com.hellen.base.BasePresenter) -> setPersenter
com.hellen.flower.BuildConfig -> com.hellen.flower.a:
    boolean DEBUG -> a
    4:4:void <init>() -> <init>
com.hellen.flower.CircleActivity -> com.hellen.flower.CircleActivity:
    com.hellen.widget.circlemenu.CircleMenuLayout circle -> a
    java.lang.String[] mItemTexts -> b
    int[] mItemImgs -> c
    23:34:void <init>() -> <init>
    44:45:void initView(android.os.Bundle) -> initView
    56:56:void loadData() -> loadData
    66:67:void initListener() -> initListener
    79:80:void itemClick(android.view.View,int,java.lang.String) -> a
    92:93:void itemCenterClick(android.view.View) -> itemCenterClick
com.hellen.flower.MainActivity -> com.hellen.flower.MainActivity:
    com.hellen.widget.theme.ButtonRadio rb_main -> a
    com.hellen.widget.theme.ButtonRadio rb_list -> b
    com.hellen.widget.theme.ButtonRadio rb_conversion -> c
    com.hellen.widget.theme.ButtonRadio rb_act -> d
    com.hellen.widget.theme.ButtonRadio rb_center -> e
    com.hellen.flower.fragment.HomeFragment main -> f
    com.hellen.flower.fragment.OrnamentalFlowerFragment list -> g
    com.hellen.flower.fragment.SucculentFragment conver -> h
    com.hellen.flower.fragment.VenusaurFragment act -> i
    com.hellen.flower.fragment.CenterFragment center -> j
    com.hellen.presenter.VersionUpdatingPresenter versionPresenter -> k
    long time -> l
    35:473:void <init>() -> <init>
    85:97:void initView(android.os.Bundle) -> initView
    140:140:void checkTheme() -> a
    228:228:void loadTheme(java.lang.String) -> a
    237:248:boolean timest() -> b
    262:272:boolean getRadioGroup() -> c
    285:285:void loadData() -> loadData
    295:301:void initListener() -> initListener
    310:333:void toFirstPage() -> d
    343:344:void onClick(android.view.View) -> onClick
    352:447:void swichTo(int) -> a
    456:471:void hideFragments(android.support.v4.app.FragmentTransaction) -> a
    484:494:boolean onKeyDown(int,android.view.KeyEvent) -> onKeyDown
com.hellen.flower.R -> com.hellen.flower.R:
    10:10:void <init>() -> <init>
...
u.aly.bb$e -> u.aly.bb$e:
    u.aly.bb$e a -> a
    u.aly.bb$e b -> b
    u.aly.bb$e c -> c
    java.util.Map d -> d
    short e -> e
    java.lang.String f -> f
    u.aly.bb$e[] g -> g
    49:49:u.aly.bb$e[] values() -> values
    49:49:u.aly.bb$e valueOf(java.lang.String) -> valueOf
    65:73:u.aly.bb$e a(int) -> a
    82:85:u.aly.bb$e b(int) -> b
    93:93:u.aly.bb$e a(java.lang.String) -> a
    99:102:void <init>(java.lang.String,int,short,java.lang.String) -> <init>
    105:105:short a() -> a
    109:109:java.lang.String b() -> b
    49:58:void <clinit>() -> <clinit>
u.aly.bc -> u.aly.bc:
    u.aly.ct e -> e
    u.aly.cj f -> f
    u.aly.cj g -> g
    u.aly.cj h -> h
    java.util.Map i -> i
    java.util.Map a -> a
    java.util.List b -> b
    java.lang.String c -> c
    u.aly.bc$e[] j -> j
    java.util.Map d -> d
    116:145:void <init>() -> <init>
    148:150:void <init>(java.util.Map) -> <init>
    116:181:void <init>(u.aly.bc) -> <init>
    184:184:u.aly.bc a() -> a
    189:192:void b() -> b
    195:195:int c() -> c
    199:203:void a(java.lang.String,u.aly.bb) -> a
    206:206:java.util.Map d() -> d
    210:211:u.aly.bc a(java.util.Map) -> a
    215:216:void e() -> e
    223:223:boolean f() -> f
    227:230:void a(boolean) -> a
    233:233:int g() -> g
    237:237:java.util.Iterator h() -> h
    241:245:void a(u.aly.ba) -> a
    248:248:java.util.List i() -> i
    252:253:u.aly.bc a(java.util.List) -> a
    257:258:void j() -> j
    265:265:boolean k() -> k
    269:272:void b(boolean) -> b
    275:275:java.lang.String l() -> l
    279:280:u.aly.bc a(java.lang.String) -> a
    284:285:void m() -> m
    292:292:boolean n() -> n
    296:299:void c(boolean) -> c
    302:302:u.aly.bc$e a(int) -> a
    306:307:void a(u.aly.co) -> a
    310:311:void b(u.aly.co) -> b
    315:348:java.lang.String toString() -> toString
    353:358:void o() -> o
    362:367:void a(java.io.ObjectOutputStream) -> a
    371:376:void a(java.io.ObjectInputStream) -> a
    24:24:u.aly.bp p() -> p
    24:24:u.aly.bw b(int) -> b
    24:24:u.aly.ct q() -> q
u.aly.bc$1 -> u.aly.bc$1:
u.aly.bc$a -> u.aly.bc$a:
    384:384:void <init>() -> <init>
    389:452:void a(u.aly.co,u.aly.bc) -> a
    456:495:void b(u.aly.co,u.aly.bc) -> b
    384:384:void a(u.aly.co,u.aly.bp) -> a
    384:384:void b(u.aly.co,u.aly.bp) -> b
    384:384:void <init>(u.aly.bc$1) -> <init>
u.aly.bc$b -> u.aly.bc$b:
    378:378:void <init>() -> <init>
    380:380:u.aly.bc$a a() -> a
    378:378:u.aly.cw b() -> b
    378:378:void <init>(u.aly.bc$1) -> <init>
u.aly.bc$c -> u.aly.bc$c:
    505:505:void <init>() -> <init>
    510:537:void a(u.aly.co,u.aly.bc) -> a
    542:577:void b(u.aly.co,u.aly.bc) -> b
    505:505:void a(u.aly.co,u.aly.bp) -> a
    505:505:void b(u.aly.co,u.aly.bp) -> b
    505:505:void <init>(u.aly.bc$1) -> <init>
u.aly.bc$d -> u.aly.bc$d:
    499:499:void <init>() -> <init>
    501:501:u.aly.bc$c a() -> a
    499:499:u.aly.cw b() -> b
    499:499:void <init>(u.aly.bc$1) -> <init>
u.aly.bc$e -> u.aly.bc$e:
    u.aly.bc$e a -> a
    u.aly.bc$e b -> b
    u.aly.bc$e c -> c
    java.util.Map d -> d
    short e -> e
    java.lang.String f -> f
    u.aly.bc$e[] g -> g
    51:51:u.aly.bc$e[] values() -> values
    51:51:u.aly.bc$e valueOf(java.lang.String) -> valueOf
    67:75:u.aly.bc$e a(int) -> a
    84:87:u.aly.bc$e b(int) -> b
    95:95:u.aly.bc$e a(java.lang.String) -> a
    101:104:void <init>(java.lang.String,int,short,java.lang.String) -> <init>
    107:107:short a() -> a
    111:111:java.lang.String b() -> b
    51:60:void <clinit>() -> <clinit>