Flower/proguard/usage.txt
com.hellen.flower.BuildConfig
com.hellen.flower.MainActivity:
    221:221:protected void loadTheme(java.lang.String)
com.hellen.flower.R:
    10:10:public R()
com.hellen.flower.broadcast.BaseCastReceiver:
    public static final java.lang.String ACTION_TEST
    public static final java.lang.String ACTION_LOGIN
    public static final java.lang.String ACTION_NAV
    public static final java.lang.String SERVICE_RESTART
com.hellen.flower.login.LoginActivity:
    public android.widget.TextView tv
...
android.support.annotation.BoolRes
android.support.annotation.CallSuper
android.support.annotation.CheckResult
android.support.annotation.ColorInt
android.support.annotation.ColorRes
android.support.annotation.DimenRes
android.support.annotation.DrawableRes
android.support.annotation.FloatRange
android.support.annotation.FractionRes
android.support.annotation.IdRes
android.support.annotation.IntDef
android.support.annotation.IntRange
android.support.annotation.IntegerRes
android.support.annotation.InterpolatorRes
android.support.annotation.Keep
android.support.annotation.LayoutRes
android.support.annotation.MainThread
android.support.annotation.MenuRes
android.support.annotation.NonNull
android.support.annotation.Nullable
android.support.annotation.PluralsRes
android.support.annotation.RawRes
android.support.annotation.RequiresPermission
android.support.annotation.RequiresPermission$Read
android.support.annotation.RequiresPermission$Write
android.support.annotation.Size
android.support.annotation.StringDef
android.support.annotation.StringRes
android.support.annotation.StyleRes
android.support.annotation.StyleableRes
android.support.annotation.TransitionRes
android.support.annotation.UiThread
android.support.annotation.VisibleForTesting
android.support.annotation.WorkerThread
android.support.annotation.XmlRes
com.amap.api.fence.Fence:
    public void a(long)
com.amap.api.location.AMapLocation:
    public static final int LOCATION_SUCCESS
    public static final int ERROR_CODE_INVALID_PARAMETER
    public static final int ERROR_CODE_FAILURE_WIFI_INFO
    public static final int ERROR_CODE_FAILURE_LOCATION_PARAMETER
    public static final int ERROR_CODE_FAILURE_CONNECTION
    public static final int ERROR_CODE_FAILURE_PARSER
    public static final int ERROR_CODE_FAILURE_LOCATION
    public static final int ERROR_CODE_FAILURE_AUTH
    public static final int ERROR_CODE_UNKNOWN
    public static final int ERROR_CODE_FAILURE_INIT
    public static final int ERROR_CODE_SERVICE_FAIL
    public static final int ERROR_CODE_FAILURE_CELL
    public static final int ERROR_CODE_FAILURE_LOCATION_PERMISSION
    public static final int LOCATION_TYPE_GPS
    public static final int LOCATION_TYPE_SAME_REQ
    public static final int LOCATION_TYPE_FAST
    public static final int LOCATION_TYPE_FIX_CACHE
    public static final int LOCATION_TYPE_WIFI
    public static final int LOCATION_TYPE_CELL
    public static final int LOCATION_TYPE_AMAP
    public static final int LOCATION_TYPE_OFFLINE
    public java.lang.String getLocationDetail()
    public java.lang.String getRoad()
    public java.lang.String getPoiName()
    public int getSatellites()
    public boolean isOffset()
com.amap.api.location.AMapLocationClient:
    public AMapLocationClient(android.content.Context,android.content.Intent)
    public void stopLocation()
    public void addGeoFenceAlert(java.lang.String,double,double,float,long,android.app.PendingIntent)
    public void removeGeoFenceAlert(android.app.PendingIntent,java.lang.String)
    public void removeGeoFenceAlert(android.app.PendingIntent)
    public com.amap.api.location.AMapLocation getLastKnownLocation()
    public void startAssistantLocation()
    public void stopAssistantLocation()
    public java.lang.String getVersion()
    public static void setApiKey(java.lang.String)
    public boolean isStarted()
    public void unRegisterLocationListener(com.amap.api.location.AMapLocationListener)
    public void onDestroy()
com.amap.api.location.AMapLocationClientOption:
    public com.amap.api.location.AMapLocationClientOption setKillProcess(boolean)
    public com.amap.api.location.AMapLocationClientOption setGpsFirst(boolean)
    public void setHttpTimeOut(long)
    public com.amap.api.location.AMapLocationClientOption setOffset(boolean)
    public void setLocationCacheEnable(boolean)
com.amap.api.location.CoordUtil:
    public CoordUtil()
com.amap.api.location.CoordinateConverter